➜  circom git:(master) ✗ bun simple.js             
hash1(user,amount) 17949782286540635100271060873038970300341310532204135853396446906649780833080n
hash1(1,1) 1243904711429961858774220647610724273798918457991486031567244100767259239747n
hash1(0,0) 3108394280857290448796042949317662357879960495408018998613518544538624657019n
hash0(0,0) 217234377348884654691879377518794323857294947151490278790710809376325639809n
hash0(1,1) 14744269619966411208579211824598458697587494354926760081771325075741142829156n


hash(1,1) ==  217234377348884654691879377518794323857294947151490278790710809376325639809
hash(0,0) ==  14744269619966411208579211824598458697587494354926760081771325075741142829156

hash(1,1) ==  1243904711429961858774220647610724273798918457991486031567244100767259239747
hash(0,0) ==  1243904711429961858774220647610724273798918457991486031567244100767259239747
Expected nullifierHash: 15230276127735476341423762249815793153920203672698063881747576312015810091358
Computed nullifierHash: 15230276127735476341423762249815793153920203672698063881747576312015810091358
nullifierCheck result: 1
Amount: 60000000000000000000000
amountNonZero result: 1
leaf: 17949782286540635100271060873038970300341310532204135853396446906649780833080


... e mais 11 entradas
Inserindo 4: address=0xf39Fd6e51aad88F6F4ce6aB8827279cffFb92266, key=1390849295786071768276380950238675083608645509734, value=60000000000000000000000
  Key binary (5 bits): 1111001110011111110101101110010100011010101011011000100011110110111101001100111001101010101110001000001001110010011110011100111111111111101110010010001001100110
MACACO

Leaf hash for key 1390849295786071768276380950238675083608645509734 and value 60000000000000000000000: 17949782286540635100271060873038970300341310532204135853396446906649780833080

MACACO

hash1(user,amount) 17949782286540635100271060873038970300341310532204135853396446906649780833080n
leaf: 17949782286540635100271060873038970300341310532204135853396446906649780833080
17949782286540635100271060873038970300341310532204135853396446906649780833080
